{"numFailedTestSuites":0,"numFailedTests":0,"numPassedTestSuites":1,"numPassedTests":6,"numPendingTestSuites":0,"numPendingTests":0,"numRuntimeErrorTestSuites":0,"numTodoTests":0,"numTotalTestSuites":1,"numTotalTests":6,"openHandles":[],"snapshot":{"added":0,"didUpdate":false,"failure":false,"filesAdded":0,"filesRemoved":0,"filesRemovedList":[],"filesUnmatched":0,"filesUpdated":0,"matched":0,"total":0,"unchecked":0,"uncheckedKeysByFile":[],"unmatched":0,"updated":0},"startTime":1757513073473,"success":true,"testResults":[{"assertionResults":[{"ancestorTitles":["InvoicesService.sendInvoice"],"duration":69,"failureDetails":[],"failureMessages":[],"fullName":"InvoicesService.sendInvoice sends email when preferences enabled","invocations":1,"location":null,"numPassingAsserts":6,"retryReasons":[],"status":"passed","title":"sends email when preferences enabled"},{"ancestorTitles":["InvoicesService.sendInvoice"],"duration":20,"failureDetails":[],"failureMessages":[],"fullName":"InvoicesService.sendInvoice skips email when preferences disabled","invocations":1,"location":null,"numPassingAsserts":5,"retryReasons":[],"status":"passed","title":"skips email when preferences disabled"},{"ancestorTitles":["InvoicesService.sendInvoice"],"duration":13,"failureDetails":[],"failureMessages":[],"fullName":"InvoicesService.sendInvoice skips email when emailNotifyNewInvoice disabled","invocations":1,"location":null,"numPassingAsserts":5,"retryReasons":[],"status":"passed","title":"skips email when emailNotifyNewInvoice disabled"},{"ancestorTitles":["InvoicesService.sendInvoice"],"duration":12,"failureDetails":[],"failureMessages":[],"fullName":"InvoicesService.sendInvoice skips email when both preferences disabled","invocations":1,"location":null,"numPassingAsserts":5,"retryReasons":[],"status":"passed","title":"skips email when both preferences disabled"},{"ancestorTitles":["InvoicesService.sendInvoice"],"duration":265,"failureDetails":[],"failureMessages":[],"fullName":"InvoicesService.sendInvoice handles email failure gracefully","invocations":1,"location":null,"numPassingAsserts":5,"retryReasons":[],"status":"passed","title":"handles email failure gracefully"},{"ancestorTitles":["InvoicesService.sendInvoice"],"duration":20,"failureDetails":[],"failureMessages":[],"fullName":"InvoicesService.sendInvoice throws NotFoundException when invoice not found","invocations":1,"location":null,"numPassingAsserts":5,"retryReasons":[],"status":"passed","title":"throws NotFoundException when invoice not found"}],"endTime":1757513114183,"message":"","name":"D:\\Programming and Development\\Nextjs, Nestjs and Prisma\\13.Invoicy\\backend\\src\\modules\\invoices\\invoices.service.spec.ts","startTime":1757513076443,"status":"passed","summary":""}],"wasInterrupted":false}
